This is pdfTeX, Version 3.141592653-2.6-1.40.27 (MiKTeX 25.3) (preloaded format=pdflatex 2025.3.28)  28 MAR 2025 13:57
entering extended mode
 restricted \write18 enabled.
 file:line:error style messages enabled.
 %&-line parsing enabled.
**./VaBlaetterWS2024-25.tex
(VaBlaetterWS2024-25.tex
LaTeX2e <2024-11-01> patch level 2
L3 programming layer <2025-01-18>
(header.tex
(C:\Users\leona\AppData\Local\Programs\MiKTeX\tex/latex/koma-script\scrartcl.cl
s
Document Class: scrartcl 2024/10/24 v3.43 KOMA-Script document class (article)

(C:\Users\leona\AppData\Local\Programs\MiKTeX\tex/latex/koma-script\scrkbase.st
y
Package: scrkbase 2024/10/24 v3.43 KOMA-Script package (KOMA-Script-dependent b
asics and keyval usage)

(C:\Users\leona\AppData\Local\Programs\MiKTeX\tex/latex/koma-script\scrbase.sty
Package: scrbase 2024/10/24 v3.43 KOMA-Script package (KOMA-Script-independent 
basics and keyval usage)

(C:\Users\leona\AppData\Local\Programs\MiKTeX\tex/latex/koma-script\scrlfile.st
y
Package: scrlfile 2024/10/24 v3.43 KOMA-Script package (file load hooks)

(C:\Users\leona\AppData\Local\Programs\MiKTeX\tex/latex/koma-script\scrlfile-ho
ok.sty
Package: scrlfile-hook 2024/10/24 v3.43 KOMA-Script package (using LaTeX hooks)


(C:\Users\leona\AppData\Local\Programs\MiKTeX\tex/latex/koma-script\scrlogo.sty
Package: scrlogo 2024/10/24 v3.43 KOMA-Script package (logo)
))) (C:\Users\leona\AppData\Local\Programs\MiKTeX\tex/latex/graphics\keyval.sty
Package: keyval 2022/05/29 v1.15 key=value parser (DPC)
\KV@toks@=\toks17
)
Applying: [2021/05/01] Usage of raw or classic option list on input line 254.
Already applied: [0000/00/00] Usage of raw or classic option list on input line
 370.
))
(C:\Users\leona\AppData\Local\Programs\MiKTeX\tex/latex/koma-script\tocbasic.st
y
Package: tocbasic 2024/10/24 v3.43 KOMA-Script package (handling toc-files)
\scr@dte@tocline@numberwidth=\skip49
\scr@dte@tocline@numbox=\box52
)
Package tocbasic Info: omitting babel extension for `toc'
(tocbasic)             because of feature `nobabel' available
(tocbasic)             for `toc' on input line 135.
Package scrartcl Info: You've used standard option `12pt'.
(scrartcl)             This is correct!
(scrartcl)             Internally I'm using `fontsize=12pt'.
(scrartcl)             If you'd like to set the option with \KOMAoptions,
(scrartcl)             you'd have to use `fontsize=12pt' there
(scrartcl)             instead of `12pt', too.
Class scrartcl Info: File `scrsize12pt.clo' used to setup font sizes on input l
ine 2466.

(C:\Users\leona\AppData\Local\Programs\MiKTeX\tex/latex/koma-script\scrsize12pt
.clo
File: scrsize12pt.clo 2024/10/24 v3.43 KOMA-Script font size class option (12pt
)
)
(C:\Users\leona\AppData\Local\Programs\MiKTeX\tex/latex/koma-script\typearea.st
y
Package: typearea 2024/10/24 v3.43 KOMA-Script package (type area)
\ta@bcor=\skip50
\ta@div=\count196
Package typearea Info: You've used standard option `a4paper'.
(typearea)             This is correct!
(typearea)             Internally I'm using `paper=a4'.
(typearea)             If you'd like to set the option with \KOMAoptions,
(typearea)             you'd have to use `paper=a4' there
(typearea)             instead of `a4paper', too.
\ta@hblk=\skip51
\ta@vblk=\skip52
\ta@temp=\skip53
\footheight=\skip54
Package typearea Info: These are the values describing the layout:
(typearea)             DIV  = 12
(typearea)             BCOR = 0.0pt
(typearea)             \paperwidth      = 597.50793pt
(typearea)              \textwidth      = 448.13095pt
(typearea)              DIV departure   = -6%
(typearea)              \evensidemargin = 27.31467pt
(typearea)              \oddsidemargin  = -22.47766pt
(typearea)             \paperheight     = 845.04694pt
(typearea)              \textheight     = 635.5pt
(typearea)              \topmargin      = -41.72441pt
(typearea)              \headheight     = 18.125pt
(typearea)              \headsep        = 21.75pt
(typearea)              \topskip        = 12.0pt
(typearea)              \footskip       = 50.75pt
(typearea)              \baselineskip   = 14.5pt
(typearea)              on input line 1802.
)
\c@part=\count197
\c@section=\count198
\c@subsection=\count199
\c@subsubsection=\count266
\c@paragraph=\count267
\c@subparagraph=\count268
\scr@dte@section@maxnumwidth=\skip55
Class scrartcl Info: using compatibility default `runin=bysign'
(scrartcl)           for `\section on input line 5107.
Class scrartcl Info: using compatibility default `afterindent=bysign'
(scrartcl)           for `\section on input line 5107.
\scr@dte@part@maxnumwidth=\skip56
Class scrartcl Info: using compatibility default `afterindent=false'
(scrartcl)           for `\part on input line 5115.
\scr@dte@subsection@maxnumwidth=\skip57
Class scrartcl Info: using compatibility default `runin=bysign'
(scrartcl)           for `\subsection on input line 5125.
Class scrartcl Info: using compatibility default `afterindent=bysign'
(scrartcl)           for `\subsection on input line 5125.
\scr@dte@subsubsection@maxnumwidth=\skip58
Class scrartcl Info: using compatibility default `runin=bysign'
(scrartcl)           for `\subsubsection on input line 5135.
Class scrartcl Info: using compatibility default `afterindent=bysign'
(scrartcl)           for `\subsubsection on input line 5135.
\scr@dte@paragraph@maxnumwidth=\skip59
Class scrartcl Info: using compatibility default `runin=bysign'
(scrartcl)           for `\paragraph on input line 5146.
Class scrartcl Info: using compatibility default `afterindent=bysign'
(scrartcl)           for `\paragraph on input line 5146.
\scr@dte@subparagraph@maxnumwidth=\skip60
Class scrartcl Info: using compatibility default `runin=bysign'
(scrartcl)           for `\subparagraph on input line 5156.
Class scrartcl Info: using compatibility default `afterindent=bysign'
(scrartcl)           for `\subparagraph on input line 5156.
\abovecaptionskip=\skip61
\belowcaptionskip=\skip62
\c@pti@nb@sid@b@x=\box53
Package tocbasic Info: omitting babel extension for `lof'
(tocbasic)             because of feature `nobabel' available
(tocbasic)             for `lof' on input line 6337.
\scr@dte@figure@maxnumwidth=\skip63
\c@figure=\count269
Package tocbasic Info: omitting babel extension for `lot'
(tocbasic)             because of feature `nobabel' available
(tocbasic)             for `lot' on input line 6353.
\scr@dte@table@maxnumwidth=\skip64
\c@table=\count270
Class scrartcl Info: Redefining `\numberline' on input line 6523.
\bibindent=\dimen141
) (C:\Users\leona\AppData\Local\Programs\MiKTeX\tex/latex/base\inputenc.sty
Package: inputenc 2024/02/08 v1.3d Input encoding file
\inpenc@prehook=\toks18
\inpenc@posthook=\toks19
)
(C:\Users\leona\AppData\Local\Programs\MiKTeX\tex/generic/babel\babel.sty
Package: babel 2025/03/10 v25.5 The multilingual framework for pdfLaTeX, LuaLaT
eX and XeLaTeX
\babel@savecnt=\count271
\U@D=\dimen142
\l@unhyphenated=\language79

(C:\Users\leona\AppData\Local\Programs\MiKTeX\tex/generic/babel\txtbabel.def)
\bbl@readstream=\read2
\bbl@dirlevel=\count272

*************************************
* Local config file bblopts.cfg used
*
(C:\Users\leona\AppData\Local\Programs\MiKTeX\tex/latex/arabi\bblopts.cfg
File: bblopts.cfg 2005/09/08 v0.1 add Arabic and Farsi to "declared" options of
 babel
)
(C:\Users\leona\AppData\Local\Programs\MiKTeX\tex/latex/babel-german\ngerman.ld
f
Language: ngerman 2024/12/10 v2.15 German support for babel (post-1996 orthogra
phy)

(C:\Users\leona\AppData\Local\Programs\MiKTeX\tex/latex/babel-german\ngermanb.l
df
Language: ngermanb 2024/12/10 v2.15 German support for babel (post-1996 orthogr
aphy)
Package babel Info: Making " an active character on input line 122.
)))
(C:\Users\leona\AppData\Local\Programs\MiKTeX\tex/generic/babel/locale/de\babel
-ngerman.tex
Package babel Info: Importing font and identification data for ngerman
(babel)             from babel-de.ini. Reported on input line 11.
)

Class scrartcl Warning: Usage of package `fancyhdr' together
(scrartcl)              with a KOMA-Script class is not recommended.
(scrartcl)              I'd suggest to use 
(scrartcl)              package `scrlayer' or `scrlayer-scrpage', because
(scrartcl)              they support KOMA-Script classes.
(scrartcl)              With `fancyhdr' several features of class `scrartcl'
(scrartcl)              like options `headsepline', `footsepline' or command
(scrartcl)              `\MakeMarkcase' and the commands `\setkomafont' and
(scrartcl)              `\addtokomafont' for the page style elements need
(scrartcl)              explicite user intervention to work.
(scrartcl)              Nevertheless, using requested
(scrartcl)              package `fancyhdr' on input line 19.

(C:\Users\leona\AppData\Local\Programs\MiKTeX\tex/latex/fancyhdr\fancyhdr.sty
Package: fancyhdr 2025/02/07 v5.2 Extensive control of page headers and footers

\f@nch@headwidth=\skip65
\f@nch@offset@elh=\skip66
\f@nch@offset@erh=\skip67
\f@nch@offset@olh=\skip68
\f@nch@offset@orh=\skip69
\f@nch@offset@elf=\skip70
\f@nch@offset@erf=\skip71
\f@nch@offset@olf=\skip72
\f@nch@offset@orf=\skip73
\f@nch@height=\skip74
\f@nch@footalignment=\skip75
\f@nch@widthL=\skip76
\f@nch@widthC=\skip77
\f@nch@widthR=\skip78
\@temptokenb=\toks20
)
(C:\Users\leona\AppData\Local\Programs\MiKTeX\tex/latex/amsmath\amsmath.sty
Package: amsmath 2024/11/05 v2.17t AMS math features
\@mathmargin=\skip79

For additional information on amsmath, use the `?' option.
(C:\Users\leona\AppData\Local\Programs\MiKTeX\tex/latex/amsmath\amstext.sty
Package: amstext 2021/08/26 v2.01 AMS text

(C:\Users\leona\AppData\Local\Programs\MiKTeX\tex/latex/amsmath\amsgen.sty
File: amsgen.sty 1999/11/30 v2.0 generic functions
\@emptytoks=\toks21
\ex@=\dimen143
))
(C:\Users\leona\AppData\Local\Programs\MiKTeX\tex/latex/amsmath\amsbsy.sty
Package: amsbsy 1999/11/29 v1.2d Bold Symbols
\pmbraise@=\dimen144
)
(C:\Users\leona\AppData\Local\Programs\MiKTeX\tex/latex/amsmath\amsopn.sty
Package: amsopn 2022/04/08 v2.04 operator names
)
\inf@bad=\count273
LaTeX Info: Redefining \frac on input line 233.
\uproot@=\count274
\leftroot@=\count275
LaTeX Info: Redefining \overline on input line 398.
LaTeX Info: Redefining \colon on input line 409.
\classnum@=\count276
\DOTSCASE@=\count277
LaTeX Info: Redefining \ldots on input line 495.
LaTeX Info: Redefining \dots on input line 498.
LaTeX Info: Redefining \cdots on input line 619.
\Mathstrutbox@=\box54
\strutbox@=\box55
LaTeX Info: Redefining \big on input line 721.
LaTeX Info: Redefining \Big on input line 722.
LaTeX Info: Redefining \bigg on input line 723.
LaTeX Info: Redefining \Bigg on input line 724.
\big@size=\dimen145
LaTeX Font Info:    Redeclaring font encoding OML on input line 742.
LaTeX Font Info:    Redeclaring font encoding OMS on input line 743.
\macc@depth=\count278
LaTeX Info: Redefining \bmod on input line 904.
LaTeX Info: Redefining \pmod on input line 909.
LaTeX Info: Redefining \smash on input line 939.
LaTeX Info: Redefining \relbar on input line 969.
LaTeX Info: Redefining \Relbar on input line 970.
\c@MaxMatrixCols=\count279
\dotsspace@=\muskip17
\c@parentequation=\count280
\dspbrk@lvl=\count281
\tag@help=\toks22
\row@=\count282
\column@=\count283
\maxfields@=\count284
\andhelp@=\toks23
\eqnshift@=\dimen146
\alignsep@=\dimen147
\tagshift@=\dimen148
\tagwidth@=\dimen149
\totwidth@=\dimen150
\lineht@=\dimen151
\@envbody=\toks24
\multlinegap=\skip80
\multlinetaggap=\skip81
\mathdisplay@stack=\toks25
LaTeX Info: Redefining \[ on input line 2953.
LaTeX Info: Redefining \] on input line 2954.
)
(C:\Users\leona\AppData\Local\Programs\MiKTeX\tex/latex/xcolor\xcolor.sty
Package: xcolor 2024/09/29 v3.02 LaTeX color extensions (UK)

(C:\Users\leona\AppData\Local\Programs\MiKTeX\tex/latex/graphics-cfg\color.cfg
File: color.cfg 2016/01/02 v1.6 sample color configuration
)
Package xcolor Info: Driver file: pdftex.def on input line 274.

(C:\Users\leona\AppData\Local\Programs\MiKTeX\tex/latex/graphics-def\pdftex.def
File: pdftex.def 2024/04/13 v1.2c Graphics/color driver for pdftex
)
(C:\Users\leona\AppData\Local\Programs\MiKTeX\tex/latex/graphics\mathcolor.ltx)
Package xcolor Info: Model `cmy' substituted by `cmy0' on input line 1349.
Package xcolor Info: Model `hsb' substituted by `rgb' on input line 1353.
Package xcolor Info: Model `RGB' extended on input line 1365.
Package xcolor Info: Model `HTML' substituted by `rgb' on input line 1367.
Package xcolor Info: Model `Hsb' substituted by `hsb' on input line 1368.
Package xcolor Info: Model `tHsb' substituted by `hsb' on input line 1369.
Package xcolor Info: Model `HSB' substituted by `hsb' on input line 1370.
Package xcolor Info: Model `Gray' substituted by `gray' on input line 1371.
Package xcolor Info: Model `wave' substituted by `hsb' on input line 1372.
) (C:\Users\leona\AppData\Local\Programs\MiKTeX\tex/latex/graphics\graphicx.sty
Package: graphicx 2021/09/16 v1.2d Enhanced LaTeX Graphics (DPC,SPQR)
(C:\Users\leona\AppData\Local\Programs\MiKTeX\tex/latex/graphics\graphics.sty
Package: graphics 2024/08/06 v1.4g Standard LaTeX Graphics (DPC,SPQR)

(C:\Users\leona\AppData\Local\Programs\MiKTeX\tex/latex/graphics\trig.sty
Package: trig 2023/12/02 v1.11 sin cos tan (DPC)
)
(C:\Users\leona\AppData\Local\Programs\MiKTeX\tex/latex/graphics-cfg\graphics.c
fg
File: graphics.cfg 2016/06/04 v1.11 sample graphics configuration
)
Package graphics Info: Driver file: pdftex.def on input line 106.
)
\Gin@req@height=\dimen152
\Gin@req@width=\dimen153
)
(C:\Users\leona\AppData\Local\Programs\MiKTeX\tex/latex/paracol\paracol.sty
Package: paracol 2024/10/22 1.36 typeset columns in parallel
\pcol@currcol=\count285
\pcol@nextcol=\count286
\pcol@ncol=\count287
\pcol@ncolleft=\count288
\pcol@page=\count289
\pcol@basepage=\count290
\pcol@toppage=\count291
\pcol@footnotebase=\count292
\pcol@nfootnotes=\count293
\pcol@mcid=\count294
\pcol@prevdepth=\dimen154
\pcol@colht=\dimen155
\pcol@textfloatsep=\dimen156
\pcol@lrmargin=\dimen157
\pagerim=\dimen158
\pcol@topskip=\skip82
\belowfootnoteskip=\skip83
\pcol@topfnotes=\box56
\pcol@prespan=\box57
\pcol@rightpage=\box58
\pcol@colorstack@saved=\box59
\pcol@tempboxa=\box60
\pcol@tempboxb=\box61
\pcol@colorins=\insert252
\pcol@everyvbox=\toks26
)
(C:\Users\leona\AppData\Local\Programs\MiKTeX\tex/latex/geometry\geometry.sty
Package: geometry 2020/01/02 v5.9 Page Geometry

(C:\Users\leona\AppData\Local\Programs\MiKTeX\tex/generic/iftex\ifvtex.sty
Package: ifvtex 2019/10/25 v1.7 ifvtex legacy package. Use iftex instead.

(C:\Users\leona\AppData\Local\Programs\MiKTeX\tex/generic/iftex\iftex.sty
Package: iftex 2024/12/12 v1.0g TeX engine tests
))
\Gm@cnth=\count295
\Gm@cntv=\count296
\c@Gm@tempcnt=\count297
\Gm@bindingoffset=\dimen159
\Gm@wd@mp=\dimen160
\Gm@odd@mp=\dimen161
\Gm@even@mp=\dimen162
\Gm@layoutwidth=\dimen163
\Gm@layoutheight=\dimen164
\Gm@layouthoffset=\dimen165
\Gm@layoutvoffset=\dimen166
\Gm@dimlist=\toks27

(C:\Users\leona\AppData\Local\Programs\MiKTeX\tex/latex/geometry\geometry.cfg))
(C:\Users\leona\AppData\Local\Programs\MiKTeX\tex/latex/base\textcomp.sty
Package: textcomp 2024/04/24 v2.1b Standard LaTeX package
)
(C:\Users\leona\AppData\Local\Programs\MiKTeX\tex/latex/tools\verbatim.sty
Package: verbatim 2024-01-22 v1.5x LaTeX2e package for verbatim enhancements
\every@verbatim=\toks28
\verbatim@line=\toks29
\verbatim@in@stream=\read3
)
(C:\Users\leona\AppData\Local\Programs\MiKTeX\tex/latex/tools\array.sty
Package: array 2024/10/17 v2.6g Tabular extension package (FMi)
\col@sep=\dimen167
\ar@mcellbox=\box62
\extrarowheight=\dimen168
\NC@list=\toks30
\extratabsurround=\skip84
\backup@length=\skip85
\ar@cellbox=\box63
)
(C:\Users\leona\AppData\Local\Programs\MiKTeX\tex/latex/tools\multicol.sty
Package: multicol 2024/09/14 v1.9i multicolumn formatting (FMi)
\c@tracingmulticols=\count298
\mult@box=\box64
\multicol@leftmargin=\dimen169
\c@unbalance=\count299
\c@collectmore=\count300
\doublecol@number=\count301
\multicoltolerance=\count302
\multicolpretolerance=\count303
\full@width=\dimen170
\page@free=\dimen171
\premulticols=\dimen172
\postmulticols=\dimen173
\multicolsep=\skip86
\multicolbaselineskip=\skip87
\partial@page=\box65
\last@line=\box66
\mc@boxedresult=\box67
\maxbalancingoverflow=\dimen174
\mult@rightbox=\box68
\mult@grightbox=\box69
\mult@firstbox=\box70
\mult@gfirstbox=\box71
\@tempa=\box72
\@tempa=\box73
\@tempa=\box74
\@tempa=\box75
\@tempa=\box76
\@tempa=\box77
\@tempa=\box78
\@tempa=\box79
\@tempa=\box80
\@tempa=\box81
\@tempa=\box82
\@tempa=\box83
\@tempa=\box84
\@tempa=\box85
\@tempa=\box86
\@tempa=\box87
\@tempa=\box88
\@tempa=\box89
\@tempa=\box90
\@tempa=\box91
\@tempa=\box92
\@tempa=\box93
\@tempa=\box94
\@tempa=\box95
\@tempa=\box96
\@tempa=\box97
\@tempa=\box98
\@tempa=\box99
\@tempa=\box100
\@tempa=\box101
\@tempa=\box102
\@tempa=\box103
\@tempa=\box104
\@tempa=\box105
\@tempa=\box106
\@tempa=\box107
\c@minrows=\count304
\c@columnbadness=\count305
\c@finalcolumnbadness=\count306
\last@try=\dimen175
\multicolovershoot=\dimen176
\multicolundershoot=\dimen177
\mult@nat@firstbox=\box108
\colbreak@box=\box109
\mc@col@check@num=\count307
)
(C:\Users\leona\AppData\Local\Programs\MiKTeX\tex/latex/multirow\multirow.sty
Package: multirow 2024/11/12 v2.9 Span multiple rows of a table
\multirow@colwidth=\skip88
\multirow@cntb=\count308
\multirow@dima=\skip89
\bigstrutjot=\dimen178
)
(C:\Users\leona\AppData\Local\Programs\MiKTeX\tex/latex/eurosym\eurosym.sty
Package: eurosym 1998/08/06 v1.1 European currency symbol ``Euro''
\@eurobox=\box110
)
(C:\Users\leona\AppData\Local\Programs\MiKTeX\tex/latex/blindtext\blindtext.sty
Package: blindtext 2012/01/06 V2.0 blindtext-Package
(C:\Users\leona\AppData\Local\Programs\MiKTeX\tex/latex/tools\xspace.sty
Package: xspace 2014/10/28 v1.13 Space after command names (DPC,MH)
)
\c@blindtext=\count309
\c@Blindtext=\count310
\c@blind@countparstart=\count311
\blind@countxx=\count312
\blindtext@numBlindtext=\count313
\blind@countyy=\count314
\c@blindlist=\count315
\c@blindlistlevel=\count316
\c@blindlist@level=\count317
\blind@listitem=\count318
\c@blind@listcount=\count319
\c@blind@levelcount=\count320
\blind@mathformula=\count321
\blind@Mathformula=\count322
\c@blind@randomcount=\count323
\c@blind@randommax=\count324
\c@blind@pangramcount=\count325
\c@blind@pangrammax=\count326
)
(C:\Users\leona\AppData\Local\Programs\MiKTeX\tex/latex/lipsum\lipsum.sty
(C:\Users\leona\AppData\Local\Programs\MiKTeX\tex/latex/l3packages/l3keys2e\l3k
eys2e.sty
(C:\Users\leona\AppData\Local\Programs\MiKTeX\tex/latex/l3kernel\expl3.sty
Package: expl3 2025-01-18 L3 programming layer (loader) 

(C:\Users\leona\AppData\Local\Programs\MiKTeX\tex/latex/l3backend\l3backend-pdf
tex.def
File: l3backend-pdftex.def 2024-05-08 L3 backend support: PDF output (pdfTeX)
\l__color_backend_stack_int=\count327
\l__pdf_internal_box=\box111
))
Package: l3keys2e 2024-08-16 LaTeX2e option processing using LaTeX3 keys
)
Package: lipsum 2021-09-20 v2.7 150 paragraphs of Lorem Ipsum dummy text
\g__lipsum_par_int=\count328
\l__lipsum_a_int=\count329
\l__lipsum_b_int=\count330

(C:\Users\leona\AppData\Local\Programs\MiKTeX\tex/latex/lipsum\lipsum.ltd.tex))
(C:\Users\leona\AppData\Local\Programs\MiKTeX\tex/generic/soul\soul.sty
Package: soul 2023-06-14 v3.1 Permit use of UTF-8 characters in soul (HO)

(C:\Users\leona\AppData\Local\Programs\MiKTeX\tex/generic/soul\soul-ori.sty
Package: soul-ori 2023-06-14 v3.1 letterspacing/underlining (mf)
\SOUL@word=\toks31
\SOUL@lasttoken=\toks32
\SOUL@syllable=\toks33
\SOUL@cmds=\toks34
\SOUL@buffer=\toks35
\SOUL@token=\toks36
\SOUL@syllgoal=\dimen179
\SOUL@syllwidth=\dimen180
\SOUL@charkern=\dimen181
\SOUL@hyphkern=\dimen182
\SOUL@dimen=\dimen183
\SOUL@dimeni=\dimen184
\SOUL@minus=\count331
\SOUL@comma=\count332
\SOUL@apo=\count333
\SOUL@grave=\count334
\SOUL@spaceskip=\skip90
\SOUL@ttwidth=\dimen185
\SOUL@uldp=\dimen186
\SOUL@ulht=\dimen187
)
(C:\Users\leona\AppData\Local\Programs\MiKTeX\tex/generic/infwarerr\infwarerr.s
ty
Package: infwarerr 2019/12/03 v1.5 Providing info/warning/error messages (HO)
)
(C:\Users\leona\AppData\Local\Programs\MiKTeX\tex/generic/etexcmds\etexcmds.sty
Package: etexcmds 2019/12/15 v1.7 Avoid name clashes with e-TeX commands (HO)
)) (C:\Users\leona\AppData\Local\Programs\MiKTeX\tex/latex/wrapfig\wrapfig.sty
\wrapoverhang=\dimen188
\WF@size=\dimen189
\c@WF@wrappedlines=\count335
\WF@box=\box112
\WF@everypar=\toks37
Package: wrapfig 2003/01/31  v 3.6
) (C:\Users\leona\AppData\Local\Programs\MiKTeX\tex/latex/textpos\textpos.sty
Package: textpos 2022/07/23 v1.10.1
Package textpos Info: choosing support for LaTeX3 on input line 60.
\TP@textbox=\box113
\TP@holdbox=\box114
\TPHorizModule=\dimen190
\TPVertModule=\dimen191
\TP@margin=\dimen192
\TP@absmargin=\dimen193

Grid set 16 x 16 = 37.34424pt x 52.81541pt
\TPboxrulesize=\dimen194
\TP@ox=\dimen195
\TP@oy=\dimen196
\TP@tbargs=\toks38
TextBlockOrigin set to 0pt x 0pt
)
(C:\Users\leona\AppData\Local\Programs\MiKTeX\tex/latex/subfigure\subfigure.sty
Package: subfigure 2002/07/30 v2.1.4 subfigure package
\subfigtopskip=\skip91
\subfigcapskip=\skip92
\subfigcaptopadj=\dimen197
\subfigbottomskip=\skip93
\subfigcapmargin=\dimen198
\subfiglabelskip=\skip94
\c@subfigure=\count336
\c@lofdepth=\count337
\c@subtable=\count338
\c@lotdepth=\count339
****************************************
* Local config file subfigure.cfg used *
****************************************

(C:\Users\leona\AppData\Local\Programs\MiKTeX\tex/latex/subfigure\subfigure.cfg
)
\subfig@top=\skip95
\subfig@bottom=\skip96
) (C:\Users\leona\AppData\Local\Programs\MiKTeX\tex/latex/caption\caption.sty
Package: caption 2023/08/05 v3.6o Customizing captions (AR)

(C:\Users\leona\AppData\Local\Programs\MiKTeX\tex/latex/caption\caption3.sty
Package: caption3 2023/07/31 v2.4d caption3 kernel (AR)
\caption@tempdima=\dimen199
\captionmargin=\dimen256
\caption@leftmargin=\dimen257
\caption@rightmargin=\dimen258
\caption@width=\dimen259
\caption@indent=\dimen260
\caption@parindent=\dimen261
\caption@hangindent=\dimen262
Package caption Info: KOMA-Script document class detected.

(C:\Users\leona\AppData\Local\Programs\MiKTeX\tex/latex/caption\caption-koma.st
o
File: caption-koma.sto 2023/09/08 v2.0e Adaption of the caption package to the 
KOMA-Script document classes (AR)
))
\c@caption@flags=\count340
\c@continuedfloat=\count341
Package caption Info: KOMA-Script scrextend package detected.
\caption@addmargin@hsize=\dimen263
\caption@addmargin@linewidth=\dimen264
Package caption Info: subfigure package is loaded.
Package caption Info: wrapfig package is loaded.
)
(C:\Users\leona\AppData\Local\Programs\MiKTeX\tex/latex/dblfloatfix\dblfloatfix
.sty
Package: dblfloatfix 2012/12/31 v1.0a (JAW)
 (C:\Users\leona\AppData\Local\Programs\MiKTeX\tex/latex/base\fixltx2e.sty
Package: fixltx2e 2016/12/29 v2.1a fixes to LaTeX (obsolete)
Applying: [2015/01/01] Old fixltx2e package on input line 46.


Package fixltx2e Warning: fixltx2e is not required with releases after 2015
(fixltx2e)                All fixes are now in the LaTeX kernel.
(fixltx2e)                See the latexrelease package for details.

Already applied: [0000/00/00] Old fixltx2e package on input line 53.
)
\@dblbotnum=\count342
\c@dblbotnumber=\count343
))
(C:/Users\leona\PycharmProjects\Vandalenblaetter\auxil\VaBlaetterWS2024-25.aux
Package babel Info: 'ngerman' activates 'ngerman' shorthands.
(babel)             Reported  on input line 6.
)
\openout1 = `VaBlaetterWS2024-25.aux'.

LaTeX Font Info:    Checking defaults for OML/cmm/m/it on input line 52.
LaTeX Font Info:    ... okay on input line 52.
LaTeX Font Info:    Checking defaults for OMS/cmsy/m/n on input line 52.
LaTeX Font Info:    ... okay on input line 52.
LaTeX Font Info:    Checking defaults for OT1/cmr/m/n on input line 52.
LaTeX Font Info:    ... okay on input line 52.
LaTeX Font Info:    Checking defaults for T1/cmr/m/n on input line 52.
LaTeX Font Info:    ... okay on input line 52.
LaTeX Font Info:    Checking defaults for TS1/cmr/m/n on input line 52.
LaTeX Font Info:    ... okay on input line 52.
LaTeX Font Info:    Checking defaults for OMX/cmex/m/n on input line 52.
LaTeX Font Info:    ... okay on input line 52.
LaTeX Font Info:    Checking defaults for U/cmr/m/n on input line 52.
LaTeX Font Info:    ... okay on input line 52.

(C:\Users\leona\AppData\Local\Programs\MiKTeX\tex/context/base/mkii\supp-pdf.mk
ii
[Loading MPS to PDF converter (version 2006.09.02).]
\scratchcounter=\count344
\scratchdimen=\dimen265
\scratchbox=\box115
\nofMPsegments=\count345
\nofMParguments=\count346
\everyMPshowfont=\toks39
\MPscratchCnt=\count347
\MPscratchDim=\dimen266
\MPnumerator=\count348
\makeMPintoPDFobject=\count349
\everyMPtoPDFconversion=\toks40
)
(C:\Users\leona\AppData\Local\Programs\MiKTeX\tex/latex/epstopdf-pkg\epstopdf-b
ase.sty
Package: epstopdf-base 2020-01-24 v2.11 Base part for package epstopdf
Package epstopdf-base Info: Redefining graphics rule for `.eps' on input line 4
85.

(C:\Users\leona\AppData\Local\Programs\MiKTeX\tex/latex/00miktex\epstopdf-sys.c
fg
File: epstopdf-sys.cfg 2021/03/18 v2.0 Configuration of epstopdf for MiKTeX
))
*geometry* driver: auto-detecting
*geometry* detected driver: pdftex
*geometry* verbose mode - [ preamble ] result:
* driver: pdftex
* paper: a4paper
* layout: <same size as paper>
* layoutoffset:(h,v)=(0.0pt,0.0pt)
* modes: twoside 
* h-part:(L,W,R)=(62.59605pt, 460.93466pt, 73.97716pt)
* v-part:(T,H,B)=(85.35826pt, 645.87756pt, 113.81102pt)
* \paperwidth=597.50787pt
* \paperheight=845.04684pt
* \textwidth=460.93466pt
* \textheight=645.87756pt
* \oddsidemargin=-9.67393pt
* \evensidemargin=1.70717pt
* \topmargin=-26.78673pt
* \headheight=26.0pt
* \headsep=21.75pt
* \topskip=12.0pt
* \footskip=113.81102pt
* \marginparwidth=74.68849pt
* \marginparsep=12.8401pt
* \columnsep=30.0pt
* \skip\footins=10.8pt plus 4.0pt minus 2.0pt
* \hoffset=0.0pt
* \voffset=0.0pt
* \mag=1000
* \@twocolumnfalse
* \@twosidetrue
* \@mparswitchtrue
* \@reversemarginfalse
* (1in=72.27pt=25.4mm, 1cm=28.453pt)

Package caption Info: Begin \AtBeginDocument code.
Package caption Info: End \AtBeginDocument code.
Redefining \end@dblfloat\ for use with subfigure
(Titelseite.tex
<Titelseite/Cover-Herbst-2024.jpg, id=1, 598.51605pt x 845.559pt>
File: Titelseite/Cover-Herbst-2024.jpg Graphic file (type jpg)
<use Titelseite/Cover-Herbst-2024.jpg>
Package pdftex.def Info: Titelseite/Cover-Herbst-2024.jpg  used on input line 7
.
(pdftex.def)             Requested size: 597.50787pt x 844.1506pt.

Overfull \hbox (485.47516pt too wide) in paragraph at lines 7--8
[][] 
 []



[1

 <./Titelseite/Cover-Herbst-2024.jpg>])
(C:/Users\leona\PycharmProjects\Vandalenblaetter\auxil\VaBlaetterWS2024-25.toc)
\tf@toc=\write3
\openout3 = `VaBlaetterWS2024-25.toc'.



Package babel Info: 'ngerman' activates 'ngerman' shorthands.
(babel)             Reported  on input line 72.
[2{C:/Users/leona/AppData/Local/MiKTeX/fonts/map/pdftex/pdftex.map}

]
(Artikel/impressum.tex
<Bilder/chargen/chargen3.jpg, id=13, 1270.5066pt x 937.101pt>
File: Bilder/chargen/chargen3.jpg Graphic file (type jpg)
<use Bilder/chargen/chargen3.jpg>
Package pdftex.def Info: Bilder/chargen/chargen3.jpg  used on input line 10.
(pdftex.def)             Requested size: 368.74913pt x 271.98111pt.

Overfull \hbox (25.69328pt too wide) in paragraph at lines 20--25
[][] 
 []


Overfull \hbox (20.56404pt too wide) in paragraph at lines 49--67
 []
 []


Underfull \hbox (badness 10000) in paragraph at lines 49--67

 []



[3

 <./Bilder/chargen/chargen3.jpg>]) (Artikel/vorwort_phil_senior.tex
Underfull \hbox (badness 10000) in paragraph at lines 13--47
\OT1/cmr/m/n/12 Nichtsdestotrotz sp[]uren wir in den
 []

[4


])

[5] (Artikel/vorwort_senior.tex)

[6] (Artikel/artikel_perspektivforum.tex)

[7

] (Artikel/artikel_ita_abend.tex
<./Bilder/Neue Bilder/Italienischer Abend//DSC_3481-min.png, id=35, 1179.1421pt
 x 556.52655pt>
File: ./Bilder/Neue Bilder/Italienischer Abend//DSC_3481-min.png Graphic file (
type png)
<use ./Bilder/Neue Bilder/Italienischer Abend//DSC_3481-min.png>
Package pdftex.def Info: ./Bilder/Neue Bilder/Italienischer Abend//DSC_3481-min
.png  used on input line 42.
(pdftex.def)             Requested size: 368.74913pt x 174.04149pt.
<./Bilder/Neue Bilder/Italienischer Abend/DSC_3460-min.png, id=36, 1426.38158pt
 x 950.92105pt>
File: ./Bilder/Neue Bilder/Italienischer Abend/DSC_3460-min.png Graphic file (t
ype png)
<use ./Bilder/Neue Bilder/Italienischer Abend/DSC_3460-min.png>
Package pdftex.def Info: ./Bilder/Neue Bilder/Italienischer Abend/DSC_3460-min.
png  used on input line 47.
(pdftex.def)             Requested size: 322.65285pt x 215.09428pt.
)

[8 <./Bilder/Neue Bilder/Italienischer Abend//DSC_3481-min.png> <./Bilder/Neue 
Bilder/Italienischer Abend/DSC_3460-min.png>] (Artikel/artikel_Aktivenfahrt.tex

Underfull \hbox (badness 6188) in paragraph at lines 29--36
\OT1/cmr/m/n/12 Zwi-schen den mit Holz []uberdachten
 []



[9]
<./Bilder/Neue Bilder/Aktivenfahrt/Aktivenfahrt.png, id=45, 770.88pt x 596.2275
pt>
File: ./Bilder/Neue Bilder/Aktivenfahrt/Aktivenfahrt.png Graphic file (type png
)
<use ./Bilder/Neue Bilder/Aktivenfahrt/Aktivenfahrt.png>
Package pdftex.def Info: ./Bilder/Neue Bilder/Aktivenfahrt/Aktivenfahrt.png  us
ed on input line 57.
(pdftex.def)             Requested size: 322.65285pt x 249.54956pt.
)

[10 <./Bilder/Neue Bilder/Aktivenfahrt/Aktivenfahrt.png>]
(Artikel/artikel_knotentanzkurs.tex
Underfull \hbox (badness 10000) in paragraph at lines 8--17

 []


Underfull \hbox (badness 10000) in paragraph at lines 18--26

 []


Underfull \hbox (badness 10000) in paragraph at lines 41--47

 []


Underfull \hbox (badness 10000) in paragraph at lines 48--56
\OT1/cmr/m/n/12 Die Kom-bi-na-ti-on aus kon-zen-trier-tem
 []



[11]) (Artikel/artikel_Begrüßungsabend.tex
Underfull \hbox (badness 10000) in paragraph at lines 5--11
[]\OT1/cmr/m/n/12 Am Frei-tag, dem 22. No-vem-ber,
 []


Underfull \hbox (badness 10000) in paragraph at lines 12--35
\OT1/cmr/m/n/12 Im-ma-tri-ku-la-ti-ons-be-schei-ni-gun-gen ein-zu-
 []


Underfull \hbox (badness 10000) in paragraph at lines 12--35
\OT1/cmr/m/n/12 Die Haupt-spei-se um-fass-te Reis mit
 []

)

[12] (Artikel/artikel_Rauchstopp.tex

[13]) (Artikel/artikel_geistiges_Eigentum.tex)

[14] (Artikel/artikel_Brauereiführung.tex
Underfull \hbox (badness 10000) in paragraph at lines 6--15

 []

)

[15] (Artikel/Bilder_Brauereiführung.tex
<Bilder/Neue Bilder/Brauereiführung/Brau1.jpg, id=68, 717.68124pt x 447.6725pt
>
File: Bilder/Neue Bilder/Brauereiführung/Brau1.jpg Graphic file (type jpg)
<use Bilder/Neue Bilder/Brauereiführung/Brau1.jpg>
Package pdftex.def Info: Bilder/Neue Bilder/Brauereiführung/Brau1.jpg  used on
 input line 5.
(pdftex.def)             Requested size: 230.46733pt x 143.75677pt.
<Bilder/Neue Bilder/Brauereiführung/Brau2.jpg, id=69, 713.66624pt x 441.65pt>
File: Bilder/Neue Bilder/Brauereiführung/Brau2.jpg Graphic file (type jpg)
<use Bilder/Neue Bilder/Brauereiführung/Brau2.jpg>
Package pdftex.def Info: Bilder/Neue Bilder/Brauereiführung/Brau2.jpg  used on
 input line 8.
(pdftex.def)             Requested size: 230.46733pt x 142.62477pt.
<Bilder/Neue Bilder/Brauereiführung/Brau3.jpg, id=70, 600.2425pt x 655.44875pt
>
File: Bilder/Neue Bilder/Brauereiführung/Brau3.jpg Graphic file (type jpg)
<use Bilder/Neue Bilder/Brauereiführung/Brau3.jpg>
Package pdftex.def Info: Bilder/Neue Bilder/Brauereiführung/Brau3.jpg  used on
 input line 9.
(pdftex.def)             Requested size: 230.46733pt x 251.66345pt.
<Bilder/Neue Bilder/Brauereiführung/Brau4.jpg, id=71, 564.1075pt x 662.475pt>
File: Bilder/Neue Bilder/Brauereiführung/Brau4.jpg Graphic file (type jpg)
<use Bilder/Neue Bilder/Brauereiführung/Brau4.jpg>
Package pdftex.def Info: Bilder/Neue Bilder/Brauereiführung/Brau4.jpg  used on
 input line 12.
(pdftex.def)             Requested size: 230.46733pt x 270.65619pt.
<Bilder/Neue Bilder/Brauereiführung/Brau5.jpg, id=72, 668.4975pt x 447.6725pt>

File: Bilder/Neue Bilder/Brauereiführung/Brau5.jpg Graphic file (type jpg)
<use Bilder/Neue Bilder/Brauereiführung/Brau5.jpg>
Package pdftex.def Info: Bilder/Neue Bilder/Brauereiführung/Brau5.jpg  used on
 input line 13.
(pdftex.def)             Requested size: 230.46733pt x 154.33788pt.
<Bilder/Neue Bilder/Brauereiführung/Brau6.jpg, id=73, 710.655pt x 447.6725pt>
File: Bilder/Neue Bilder/Brauereiführung/Brau6.jpg Graphic file (type jpg)
<use Bilder/Neue Bilder/Brauereiführung/Brau6.jpg>
Package pdftex.def Info: Bilder/Neue Bilder/Brauereiführung/Brau6.jpg  used on
 input line 16.
(pdftex.def)             Requested size: 230.46733pt x 145.17761pt.

Overfull \hbox (13.75798pt too wide) in paragraph at lines 5--17
[]   []
 []


Overfull \hbox (13.75798pt too wide) in paragraph at lines 5--17
[]   []
 []


Overfull \hbox (13.75798pt too wide) in paragraph at lines 5--17
[]   [] 
 []

)
Underfull \vbox (badness 10000) has occurred while \output is active []



[16 <./Bilder/Neue Bilder/Brauereiführung/Brau1.jpg> <./Bilder/Neue Bilder/Bra
uereiführung/Brau2.jpg> <./Bilder/Neue Bilder/Brauereiführung/Brau3.jpg> <./B
ilder/Neue Bilder/Brauereiführung/Brau4.jpg> <./Bilder/Neue Bilder/Brauereifü
hrung/Brau5.jpg> <./Bilder/Neue Bilder/Brauereiführung/Brau6.jpg>]
(Artikel/129_artikel_genesis2.tex
Overfull \hbox (54.48631pt too wide) in paragraph at lines 16--17
\OT1/cmr/m/n/12 se/ Erg[]anzungshypothese, die Quel-len-hy-po-the-se/ Ur-kun-de
n-hy-po-the-se und die Erz[]ahlkranzhypothese/
 []




Package fancyhdr Warning: \headheight is too small (26.0pt): 
(fancyhdr)                Make it at least 36.84007pt, for example:
(fancyhdr)                \setlength{\headheight}{36.84007pt}.
(fancyhdr)                You might also make \topmargin smaller:
(fancyhdr)                \addtolength{\topmargin}{-10.84007pt}.

[17]
Underfull \vbox (badness 10000) has occurred while \output is active []




Package fancyhdr Warning: \headheight is too small (26.0pt): 
(fancyhdr)                Make it at least 36.84007pt, for example:
(fancyhdr)                \setlength{\headheight}{36.84007pt}.
(fancyhdr)                You might also make \topmargin smaller:
(fancyhdr)                \addtolength{\topmargin}{-10.84007pt}.

[18])


Package fancyhdr Warning: \headheight is too small (26.0pt): 
(fancyhdr)                Make it at least 36.84007pt, for example:
(fancyhdr)                \setlength{\headheight}{36.84007pt}.
(fancyhdr)                You might also make \topmargin smaller:
(fancyhdr)                \addtolength{\topmargin}{-10.84007pt}.

[19] (Artikel/artikel_singfaehiger_vandale.tex)

[20] (Artikel/artikel_Neubewertung des Fuxen.tex [21])

[22] (Artikel/Todesanzeigen.tex
<./Todesanzeigen/23.07.2024 Ute Fest.png.png, id=97, 668.4975pt x 367.3725pt>
File: ./Todesanzeigen/23.07.2024 Ute Fest.png.png Graphic file (type png)
<use ./Todesanzeigen/23.07.2024 Ute Fest.png.png>
Package pdftex.def Info: ./Todesanzeigen/23.07.2024 Ute Fest.png.png  used on i
nput line 11.
(pdftex.def)             Requested size: 414.83838pt x 227.9816pt.
<./Todesanzeigen/19.02.2025 Peter Laska neu.png.png, id=98, 454.69875pt x 402.7
5468pt>
File: ./Todesanzeigen/19.02.2025 Peter Laska neu.png.png Graphic file (type png
)
<use ./Todesanzeigen/19.02.2025 Peter Laska neu.png.png>
Package pdftex.def Info: ./Todesanzeigen/19.02.2025 Peter Laska neu.png.png  us
ed on input line 14.
(pdftex.def)             Requested size: 414.83838pt x 367.45374pt.


LaTeX Warning: Float too large for page by 15.39156pt on input line 16.


LaTeX Warning: `!h' float specifier changed to `!ht'.

)

[23 <./Todesanzeigen/23.07.2024 Ute Fest.png.png> <./Todesanzeigen/19.02.2025 P
eter Laska neu.png.png>] (Artikel/VaGratuliert.tex
Underfull \hbox (badness 10000) in paragraph at lines 14--17

 []


Underfull \hbox (badness 10000) in paragraph at lines 25--28

 []


Underfull \hbox (badness 10000) in paragraph at lines 38--43

 []


Underfull \hbox (badness 10000) in paragraph at lines 48--51

 []


Underfull \hbox (badness 10000) in paragraph at lines 54--56

 []


Underfull \hbox (badness 10000) in paragraph at lines 81--88

 []

)

[24

]
(C:/Users\leona\PycharmProjects\Vandalenblaetter\auxil\VaBlaetterWS2024-25.aux)
 ***********
LaTeX2e <2024-11-01> patch level 2
L3 programming layer <2025-01-18>
 ***********
 ) 
Here is how much of TeX's memory you used:
 11584 strings out of 473523
 233555 string characters out of 5714630
 881355 words of memory out of 5000000
 34597 multiletter control sequences out of 15000+600000
 567931 words of font info for 67 fonts, out of 8000000 for 9000
 1141 hyphenation exceptions out of 8191
 113i,12n,110p,10935b,599s stack positions out of 10000i,1000n,20000p,200000b,200000s
 <C:\Users\leona\AppData\Local\MiKTeX\fonts/pk/ljfour/jknappen/ec/dpi600\tcti
1200.pk> <C:\Users\leona\AppData\Local\MiKTeX\fonts/pk/ljfour/jknappen/ec/dpi60
0\tcrm1200.pk><C:/Users/leona/AppData/Local/Programs/MiKTeX/fonts/type1/public/
amsfonts/cm/cmbx10.pfb><C:/Users/leona/AppData/Local/Programs/MiKTeX/fonts/type
1/public/amsfonts/cm/cmbx12.pfb><C:/Users/leona/AppData/Local/Programs/MiKTeX/f
onts/type1/public/amsfonts/cm/cmcsc10.pfb><C:/Users/leona/AppData/Local/Program
s/MiKTeX/fonts/type1/public/amsfonts/cm/cmr10.pfb><C:/Users/leona/AppData/Local
/Programs/MiKTeX/fonts/type1/public/amsfonts/cm/cmr12.pfb><C:/Users/leona/AppDa
ta/Local/Programs/MiKTeX/fonts/type1/public/amsfonts/cm/cmr17.pfb><C:/Users/leo
na/AppData/Local/Programs/MiKTeX/fonts/type1/public/amsfonts/cm/cmr8.pfb><C:/Us
ers/leona/AppData/Local/Programs/MiKTeX/fonts/type1/public/amsfonts/cm/cmssbx10
.pfb><C:/Users/leona/AppData/Local/Programs/MiKTeX/fonts/type1/public/amsfonts/
cm/cmti12.pfb>
Output written on C:/Users\leona\PycharmProjects\Vandalenblaetter\out\VaBlaette
rWS2024-25.pdf (24 pages, 53467335 bytes).
PDF statistics:
 154 PDF objects out of 1000 (max. 8388607)
 0 named destinations out of 1000 (max. 500000)
 66 words of extra memory for PDF output out of 10000 (max. 10000000)

